{"C:\\Users\\User\\OneDrive\\Área de Trabalho\\pretalabTestesAulas\\pretalab-aprofunda-aula-testes\\src\\core\\entities\\User.ts": {"path":"C:\\Users\\User\\OneDrive\\Área de Trabalho\\pretalabTestesAulas\\pretalab-aprofunda-aula-testes\\src\\core\\entities\\User.ts","statementMap":{"0":{"start":{"line":6,"column":15},"end":{"line":6,"column":27}},"1":{"start":{"line":7,"column":15},"end":{"line":7,"column":28}},"2":{"start":{"line":8,"column":15},"end":{"line":8,"column":28}},"3":{"start":{"line":9,"column":15},"end":{"line":9,"column":31}},"4":{"start":{"line":12,"column":8},"end":{"line":12,"column":null}},"5":{"start":{"line":1,"column":0},"end":{"line":1,"column":13}}},"fnMap":{"0":{"name":"(anonymous_0)","decl":{"start":{"line":4,"column":4},"end":{"line":4,"column":null}},"loc":{"start":{"line":9,"column":31},"end":{"line":13,"column":5}}}},"branchMap":{},"s":{"0":1,"1":1,"2":1,"3":1,"4":1,"5":1},"f":{"0":1},"b":{}}
,"C:\\Users\\User\\OneDrive\\Área de Trabalho\\pretalabTestesAulas\\pretalab-aprofunda-aula-testes\\src\\core\\usecases\\CreateUser.ts": {"path":"C:\\Users\\User\\OneDrive\\Área de Trabalho\\pretalabTestesAulas\\pretalab-aprofunda-aula-testes\\src\\core\\usecases\\CreateUser.ts","statementMap":{"0":{"start":{"line":1,"column":0},"end":{"line":1,"column":36}},"1":{"start":{"line":2,"column":0},"end":{"line":2,"column":40}},"2":{"start":{"line":13,"column":4},"end":{"line":19,"column":6}},"3":{"start":{"line":11,"column":0},"end":{"line":11,"column":13}}},"fnMap":{"0":{"name":"(anonymous_0)","decl":{"start":{"line":12,"column":2},"end":{"line":12,"column":9}},"loc":{"start":{"line":12,"column":32},"end":{"line":20,"column":3}}}},"branchMap":{},"s":{"0":1,"1":1,"2":1,"3":1},"f":{"0":1},"b":{}}
}
